<?xml version="1.0" encoding="UTF-8"?>
<!-- Generated by org.testng.reporters.JUnitReportReporter -->
<testsuite hostname="QT-INBG-LT0089" failures="0" tests="7" name="ApiTestImpl.ApiAssessment.TestScript" time="11.077" errors="1" timestamp="07 Apr 2021 09:48:26 GMT" skipped="0">
  <testcase classname="ApiTestImpl.ApiAssessment.TestScript" name="trending_HashTag" time="1.554"/>
  <testcase classname="ApiTestImpl.ApiAssessment.TestScript" name="trending_HashTag" time="1.493"/>
  <testcase classname="ApiTestImpl.ApiAssessment.TestScript" name="trending_HashTag" time="0.632"/>
  <testcase classname="ApiTestImpl.ApiAssessment.TestScript" name="weather_update" time="1.669"/>
  <testcase classname="ApiTestImpl.ApiAssessment.TestScript" name="block_user" time="3.725"/>
  <testcase classname="ApiTestImpl.ApiAssessment.TestScript" name="trending_HashTag" time="1.500"/>
  <testcase classname="ApiTestImpl.ApiAssessment.TestScript" name="tweets_By_User" time="0.504">
    <error message="Cannot invoke &quot;java.util.Collection.toArray()&quot; because &quot;c&quot; is null" type="java.lang.NullPointerException">
      <![CDATA[java.lang.NullPointerException: Cannot invoke "java.util.Collection.toArray()" because "c" is null
at java.base/java.util.ArrayList.addAll(ArrayList.java:670)
at ApiTestImpl.ApiAssessment.TestScript.tweets_By_User(TestScript.java:126)
at java.base/jdk.internal.reflect.NativeMethodAccessorImpl.invoke0(Native Method)
at java.base/jdk.internal.reflect.NativeMethodAccessorImpl.invoke(NativeMethodAccessorImpl.java:64)
at java.base/jdk.internal.reflect.DelegatingMethodAccessorImpl.invoke(DelegatingMethodAccessorImpl.java:43)
at java.base/java.lang.reflect.Method.invoke(Method.java:564)
at org.testng.internal.MethodInvocationHelper.invokeMethod(MethodInvocationHelper.java:124)
at org.testng.internal.Invoker.invokeMethod(Invoker.java:583)
at org.testng.internal.Invoker.invokeTestMethod(Invoker.java:719)
at org.testng.internal.Invoker.invokeTestMethods(Invoker.java:989)
at org.testng.internal.TestMethodWorker.invokeTestMethods(TestMethodWorker.java:125)
at org.testng.internal.TestMethodWorker.run(TestMethodWorker.java:109)
at org.testng.TestRunner.privateRun(TestRunner.java:648)
at org.testng.TestRunner.run(TestRunner.java:505)
at org.testng.SuiteRunner.runTest(SuiteRunner.java:455)
at org.testng.SuiteRunner.runSequentially(SuiteRunner.java:450)
at org.testng.SuiteRunner.privateRun(SuiteRunner.java:415)
at org.testng.SuiteRunner.run(SuiteRunner.java:364)
at org.testng.SuiteRunnerWorker.runSuite(SuiteRunnerWorker.java:52)
at org.testng.SuiteRunnerWorker.run(SuiteRunnerWorker.java:84)
at org.testng.TestNG.runSuitesSequentially(TestNG.java:1208)
at org.testng.TestNG.runSuitesLocally(TestNG.java:1137)
at org.testng.TestNG.runSuites(TestNG.java:1049)
at org.testng.TestNG.run(TestNG.java:1017)
at org.testng.remote.AbstractRemoteTestNG.run(AbstractRemoteTestNG.java:115)
at org.testng.remote.RemoteTestNG.initAndRun(RemoteTestNG.java:251)
at org.testng.remote.RemoteTestNG.main(RemoteTestNG.java:77)
]]>
    </error>
  </testcase> <!-- tweets_By_User -->
</testsuite> <!-- ApiTestImpl.ApiAssessment.TestScript -->
